[debug] [2023-12-22T23:43:27.248Z] ----------------------------------------------------------------------
[debug] [2023-12-22T23:43:27.252Z] Command:       C:\Program Files\nodejs\node.exe C:\Users\tabar\AppData\Roaming\npm\node_modules\firebase-tools\lib\bin\firebase.js init hosting
[debug] [2023-12-22T23:43:27.253Z] CLI Version:   13.0.2
[debug] [2023-12-22T23:43:27.253Z] Platform:      win32
[debug] [2023-12-22T23:43:27.254Z] Node Version:  v20.10.0
[debug] [2023-12-22T23:43:27.254Z] Time:          Fri Dec 22 2023 18:43:27 GMT-0500 (hora estándar de Colombia)
[debug] [2023-12-22T23:43:27.254Z] ----------------------------------------------------------------------
[debug] 
[debug] [2023-12-22T23:43:27.394Z] > command requires scopes: ["email","openid","https://www.googleapis.com/auth/cloudplatformprojects.readonly","https://www.googleapis.com/auth/firebase","https://www.googleapis.com/auth/cloud-platform"]
[debug] [2023-12-22T23:43:27.395Z] > authorizing via signed-in user (evelyntabarrs315@gmail.com)
[info] 
     ######## #### ########  ######## ########     ###     ######  ########
     ##        ##  ##     ## ##       ##     ##  ##   ##  ##       ##
     ######    ##  ########  ######   ########  #########  ######  ######
     ##        ##  ##    ##  ##       ##     ## ##     ##       ## ##
     ##       #### ##     ## ######## ########  ##     ##  ######  ########

You're about to initialize a Firebase project in this directory:

  C:\Users\tabar\Videos\Angularprueba\AngularProy

Before we get started, keep in mind:

  * You are initializing within an existing Firebase project directory

[info] 
=== Project Setup
[info] 
[info] First, let's associate this project directory with a Firebase project.
[info] You can create multiple project aliases by running firebase use --add, 
[info] but for now we'll just set up a default project.
[info] 
[debug] [2023-12-22T23:43:37.462Z] Using project from CLI flag: angular-prueba-2a346
[debug] [2023-12-22T23:43:37.471Z] >>> [apiv2][query] GET https://firebase.googleapis.com/v1beta1/projects/angular-prueba-2a346 [none]
[debug] [2023-12-22T23:43:38.037Z] <<< [apiv2][status] GET https://firebase.googleapis.com/v1beta1/projects/angular-prueba-2a346 200
[debug] [2023-12-22T23:43:38.038Z] <<< [apiv2][body] GET https://firebase.googleapis.com/v1beta1/projects/angular-prueba-2a346 {"projectId":"angular-prueba-2a346","projectNumber":"466013244423","displayName":"Angular-prueba","name":"projects/angular-prueba-2a346","resources":{"hostingSite":"angular-prueba-2a346"},"state":"ACTIVE","etag":"1_76a9e7ed-d758-48cb-ae87-ca10444cc61d"}
[info] i  Using project angular-prueba-2a346 (Angular-prueba) 
[info] 
=== Hosting Setup
[debug] [2023-12-22T23:43:40.687Z] >>> [apiv2][query] GET https://firebase.googleapis.com/v1beta1/projects/angular-prueba-2a346 [none]
[debug] [2023-12-22T23:43:40.960Z] <<< [apiv2][status] GET https://firebase.googleapis.com/v1beta1/projects/angular-prueba-2a346 200
[debug] [2023-12-22T23:43:40.961Z] <<< [apiv2][body] GET https://firebase.googleapis.com/v1beta1/projects/angular-prueba-2a346 {"projectId":"angular-prueba-2a346","projectNumber":"466013244423","displayName":"Angular-prueba","name":"projects/angular-prueba-2a346","resources":{"hostingSite":"angular-prueba-2a346"},"state":"ACTIVE","etag":"1_76a9e7ed-d758-48cb-ae87-ca10444cc61d"}
[info] 
[info] Your public directory is the folder (relative to your project directory) that
[info] will contain Hosting assets to be uploaded with firebase deploy. If you
[info] have a build process for your assets, use your build's output directory.
[info] 
